🩺 The doctor is checking the health of your Storybook..
╭ Incompatible packages found ──────────────────────────────────────────────────────────────────────────╮
│                                                                                                       │
│   You are currently using Storybook 9.0.11 but you have packages which are incompatible with it:      │
│   - @storybook/addon-essentials@8.6.14 which depends on 8.6.14                                        │
│    Repo: https://github.com/storybookjs/storybook/tree/next/code/addons/essentials                    │
│   - @storybook/addon-interactions@8.6.14 which depends on 8.6.14                                      │
│    Repo: https://github.com/storybookjs/storybook/tree/next/code/addons/interactions                  │
│   - @storybook/types@8.6.14 which depends on ^8.2.0 || ^8.3.0-0 || ^8.4.0-0 || ^8.5.0-0 || ^8.6.0-0   │
│    Repo: https://github.com/storybookjs/storybook/tree/next/code/lib/types                            │
│                                                                                                       │
│                                                                                                       │
│   Please consider updating your packages or contacting the maintainers for compatibility details.     │
│   For more on Storybook 9 compatibility, see the linked GitHub issue:                                 │
│   https://github.com/storybookjs/storybook/issues/30944                                               │
│                                                                                                       │
╰───────────────────────────────────────────────────────────────────────────────────────────────────────╯

You can always recheck the health of your project by running:
npx storybook doctor

Full logs are available in /Users/wordpress/Personal Apps/enjanga-components-library/doctor-storybook.log

